<?xml version="1.0" encoding="UTF-8"?>
<testsuite name="edu.coursera.parallel.StudentAnalyticsTest" time="5.326" tests="6" errors="0" skipped="0" failures="2">
  <properties>
[...]
</properties>
  <testcase name="testAverageAgeOfEnrolledStudents" classname="edu.coursera.parallel.StudentAnalyticsTest" time="0.475"/>
  <testcase name="testAverageAgeOfEnrolledStudentsPerf" classname="edu.coursera.parallel.StudentAnalyticsTest" time="0.649"/>
  <testcase name="testMostCommonFirstNameOfInactiveStudents" classname="edu.coursera.parallel.StudentAnalyticsTest" time="1.106"/>
  <testcase name="testMostCommonFirstNameOfInactiveStudentsPerf" classname="edu.coursera.parallel.StudentAnalyticsTest" time="2.027">
    <failure message="Expected speedup to be at least 2.0 but was 1.4487369985141159" type="junit.framework.AssertionFailedError">junit.framework.AssertionFailedError: Expected speedup to be at least 2.0 but was 1.4487369985141159
	at junit.framework.Assert.fail(Assert.java:47)
	at junit.framework.Assert.assertTrue(Assert.java:20)
	at edu.coursera.parallel.StudentAnalyticsTest.testMostCommonFirstNameOfInactiveStudentsPerf(StudentAnalyticsTest.java:125)
</failure>
    <system-out><![CDATA[testMostCommonFirstNameOfInactiveStudentsPerf ================= minimalExpectedSpeedup: 2.0, actualSpeedUp: 1.4487369985141159
]]></system-out>
  </testcase>
  <testcase name="testCountNumberOfFailedStudentsOlderThan20" classname="edu.coursera.parallel.StudentAnalyticsTest" time="0.308"/>
  <testcase name="testCountNumberOfFailedStudentsOlderThan20Perf" classname="edu.coursera.parallel.StudentAnalyticsTest" time="0.761">
    <failure message="Expected parallel version to run at least 1.2x faster but speedup was 0.46557377049180326" type="junit.framework.AssertionFailedError">junit.framework.AssertionFailedError: Expected parallel version to run at least 1.2x faster but speedup was 0.46557377049180326
	at junit.framework.Assert.fail(Assert.java:47)
	at junit.framework.Assert.assertTrue(Assert.java:20)
	at edu.coursera.parallel.StudentAnalyticsTest.testCountNumberOfFailedStudentsOlderThan20Perf(StudentAnalyticsTest.java:168)
</failure>
    <system-out><![CDATA[testCountNumberOfFailedStudentsOlderThan20Perf ================= minimalExpectedSpeedup: 1.2, actualSpeedUp: 0.46557377049180326
]]></system-out>
  </testcase>
</testsuite>